{"name": "Увеличение счётчика 'за сегодня' при новом заказе", "status": "failed", "statusDetails": {"message": "AssertionError: assert 1811 == (1811 + 1)\n +  where 1811 = get_today_counter_int()\n +    where get_today_counter_int = <pages.order_feed_page.OrderFeedPage object at 0x000002D96DE742F0>.get_today_counter_int", "trace": "self = <tests.test_order_feed.TestOrderFeed object at 0x000002D96DDF3A70>, browser = <selenium.webdriver.chrome.webdriver.WebDriver (session=\"42b20d6097a38ca841c7c2f5c3ed1e1d\")>, get_order_counters = (201728, 1811)\ncreate_order = '201729'\n\n    @allure.title(\"Увеличение счётчика 'за сегодня' при новом заказе\")\n    @allure.description(\"Запоминаем значение счётчика, делаем заказ, увеличиваем начальное значение на 1\")\n    def test_order_feed_today_counter_increase(self, browser, get_order_counters, create_order):\n        _, today_counter = get_order_counters  # получаем счётчик до заказа\n        order_feed_page = OrderFeedPage(browser)\n        order_feed_page.click_order_feed_button()\n    \n>       assert order_feed_page.get_today_counter_int() == today_counter + 1\nE       assert 1811 == (1811 + 1)\nE        +  where 1811 = get_today_counter_int()\nE        +    where get_today_counter_int = <pages.order_feed_page.OrderFeedPage object at 0x000002D96DE742F0>.get_today_counter_int\n\ntests\\test_order_feed.py:46: AssertionError"}, "description": "Запоминаем значение счётчика, делаем заказ, увеличиваем начальное значение на 1", "steps": [{"name": "Нажатие кнопки 'Лента заказов'", "status": "passed", "start": 1742140197539, "stop": 1742140197547}, {"name": "Получить количество заказов за сегодня", "status": "passed", "start": 1742140197547, "stop": 1742140198064}], "start": 1742140197538, "stop": 1742140198064, "uuid": "0b330369-b6a9-4fcb-bb1d-0f49856240ac", "historyId": "7eb5ad744892658ee497586a4ac05955", "testCaseId": "7eb5ad744892658ee497586a4ac05955", "fullName": "tests.test_order_feed.TestOrderFeed#test_order_feed_today_counter_increase", "labels": [{"name": "parentSuite", "value": "tests"}, {"name": "suite", "value": "test_order_feed"}, {"name": "subSuite", "value": "TestOrderFeed"}, {"name": "host", "value": "HOME-PC"}, {"name": "thread", "value": "11864-MainThread"}, {"name": "framework", "value": "pytest"}, {"name": "language", "value": "cpython3"}, {"name": "package", "value": "tests.test_order_feed"}]}